<?xml version="1.0" encoding="UTF-8"?>
<!-- Generated by org.testng.reporters.JUnitXMLReporter -->
<testsuite ignored="0" hostname="Anbu" failures="0" tests="5" name="Default test" time="239.104" errors="0" timestamp="2024-07-11T20:44:14 IST">
  <testcase classname="Booking.com.Flight" name="Login" time="43.735"/>
  <testcase classname="Booking.com.Flight" name="Round_trip" time="71.796"/>
  <testcase classname="Booking.com.Flight" name="Round_trip" time="43.901"/>
  <testcase classname="Booking.com.Flight" name="Round_trip" time="58.401"/>
  <testcase classname="Booking.com.Flight" name="Round_trip" time="15.113"/>
</testsuite> <!-- Default test -->
