<?xml version="1.0" encoding="UTF-8"?>
<!-- Generated by org.testng.reporters.JUnitXMLReporter -->
<testsuite ignored="0" hostname="DineshKumar-PC" failures="0" tests="5" name="Default test" time="52.593" errors="0" timestamp="10 Jul 2024 09:31:14 GMT">
  <testcase classname="Booking.com.Flight" name="Login" time="8.556"/>
  <testcase classname="Booking.com.Flight" name="Round_trip" time="16.203"/>
  <testcase classname="Booking.com.Flight" name="Round_trip" time="8.612"/>
  <testcase classname="Booking.com.Flight" name="Round_trip" time="11.383"/>
  <testcase classname="Booking.com.Flight" name="Round_trip" time="6.606"/>
</testsuite> <!-- Default test -->
