<?xml version="1.0" encoding="UTF-8"?>
<testng-results ignored="0" total="3" passed="3" failed="0" skipped="0">
  <reporter-output>
  </reporter-output>
  <suite started-at="2024-07-06T09:13:20Z" name="Default suite" finished-at="2024-07-06T09:14:05Z" duration-ms="44161">
    <groups>
    </groups>
    <test started-at="2024-07-06T09:13:20Z" name="Default test" finished-at="2024-07-06T09:14:05Z" duration-ms="44161">
      <class name="Booking.com.Flight">
        <test-method is-config="true" signature="startReport()[pri:0, instance:Booking.com.Flight@46ab18da]" started-at="2024-07-06T14:43:20Z" name="startReport" finished-at="2024-07-06T14:43:20Z" duration-ms="471" status="PASS">
          <reporter-output>
          </reporter-output>
        </test-method> <!-- startReport -->
        <test-method signature="Login()[pri:1, instance:Booking.com.Flight@46ab18da]" started-at="2024-07-06T14:43:20Z" name="Login" finished-at="2024-07-06T14:43:29Z" duration-ms="8440" status="PASS">
          <reporter-output>
          </reporter-output>
        </test-method> <!-- Login -->
        <test-method signature="Round_trip(java.util.Map)[pri:2, instance:Booking.com.Flight@46ab18da]" started-at="2024-07-06T14:43:30Z" name="Round_trip" data-provider="HRM" finished-at="2024-07-06T14:43:54Z" duration-ms="23791" status="PASS">
          <params>
            <param index="0">
              <value>
                <![CDATA[{To Location=India, Location Code=DEL, To Location Code=BOM, Return date=2025-05-06, Age Of Child_6=13, Age Of Child_5=12, Test Case=Valid, Age Of Child_4=11, Age Of Child_3=10, Age Of Child_7=14, No Of Child=3, No Of Adult=1, Depart date=2024-07-12, Age Of Child_2=9, Age Of Child_1=7, From Location=India, Age Of Child_0=5}]]>
              </value>
            </param>
          </params>
          <reporter-output>
          </reporter-output>
        </test-method> <!-- Round_trip -->
        <test-method signature="Round_trip(java.util.Map)[pri:2, instance:Booking.com.Flight@46ab18da]" started-at="2024-07-06T14:43:54Z" name="Round_trip" data-provider="HRM" finished-at="2024-07-06T14:44:05Z" duration-ms="10940" status="PASS">
          <params>
            <param index="0">
              <value>
                <![CDATA[{To Location=, Location Code=, To Location Code=, Return date=, Age Of Child_6=, Age Of Child_5=, Test Case=Invalid, Age Of Child_4=, Age Of Child_3=, Age Of Child_7=, No Of Child=, No Of Adult=, Depart date=, Age Of Child_2=, Age Of Child_1=, From Location=, Age Of Child_0=}]]>
              </value>
            </param>
          </params>
          <reporter-output>
          </reporter-output>
        </test-method> <!-- Round_trip -->
        <test-method is-config="true" signature="Stoptest()[pri:0, instance:Booking.com.Flight@46ab18da]" started-at="2024-07-06T14:44:05Z" name="Stoptest" finished-at="2024-07-06T14:44:06Z" duration-ms="978" status="PASS">
          <reporter-output>
          </reporter-output>
        </test-method> <!-- Stoptest -->
      </class> <!-- Booking.com.Flight -->
    </test> <!-- Default test -->
  </suite> <!-- Default suite -->
</testng-results>
